<?xml version="1.0" encoding="UTF-8"?>
<testsuite name="uk.ac.leedsbeckett.finance.service.InvoiceServiceTest" tests="23" skipped="0" failures="0" errors="0" timestamp="2024-03-08T16:17:20" hostname="BOSU_DESKTOP" time="0.087">
  <properties/>
  <testcase name="testFindInvoiceThroughPortal_withNullReference_throwsException()" classname="uk.ac.leedsbeckett.finance.service.InvoiceServiceTest" time="0.003"/>
  <testcase name="testShowPortal_returnsCorrectPage()" classname="uk.ac.leedsbeckett.finance.service.InvoiceServiceTest" time="0.003"/>
  <testcase name="testGetInvoiceByReference_withInValidReference_throwsException()" classname="uk.ac.leedsbeckett.finance.service.InvoiceServiceTest" time="0.003"/>
  <testcase name="testCreateNewInvoice_withValidData_createsInvoice()" classname="uk.ac.leedsbeckett.finance.service.InvoiceServiceTest" time="0.005"/>
  <testcase name="testPayInvoice_withValidId_paysInvoice()" classname="uk.ac.leedsbeckett.finance.service.InvoiceServiceTest" time="0.003"/>
  <testcase name="testPayInvoiceThroughPortal_withNullInvoice_throwsException()" classname="uk.ac.leedsbeckett.finance.service.InvoiceServiceTest" time="0.002"/>
  <testcase name="testPayInvoiceThroughPortal_withNullReference_throwsException()" classname="uk.ac.leedsbeckett.finance.service.InvoiceServiceTest" time="0.003"/>
  <testcase name="testFindInvoiceThroughPortal_withValidationErrors_showsPortalAgain()" classname="uk.ac.leedsbeckett.finance.service.InvoiceServiceTest" time="0.003"/>
  <testcase name="testFindInvoiceThroughPortal_withNullInvoice_throwsException()" classname="uk.ac.leedsbeckett.finance.service.InvoiceServiceTest" time="0.002"/>
  <testcase name="testGetInvoiceById_withNullID_throwsException()" classname="uk.ac.leedsbeckett.finance.service.InvoiceServiceTest" time="0.004"/>
  <testcase name="testGetInvoiceById_withValidID_returnsExistingInvoice()" classname="uk.ac.leedsbeckett.finance.service.InvoiceServiceTest" time="0.003"/>
  <testcase name="testCancelInvoice_withValidId_cancelsInvoice()" classname="uk.ac.leedsbeckett.finance.service.InvoiceServiceTest" time="0.003"/>
  <testcase name="testGetAllInvoices_returnsExistingInvoices()" classname="uk.ac.leedsbeckett.finance.service.InvoiceServiceTest" time="0.004"/>
  <testcase name="testGetInvoiceByReference_withNullReference_throwsException()" classname="uk.ac.leedsbeckett.finance.service.InvoiceServiceTest" time="0.002"/>
  <testcase name="testFindInvoiceThroughPortal_withIncorrectReference_throwsException()" classname="uk.ac.leedsbeckett.finance.service.InvoiceServiceTest" time="0.003"/>
  <testcase name="testProcessPayment_withStatusCancelled_throwsUnsupportedOperationException()" classname="uk.ac.leedsbeckett.finance.service.InvoiceServiceTest" time="0.003"/>
  <testcase name="testProcessPayment_withStatusPaid_throwsUnsupportedOperationException()" classname="uk.ac.leedsbeckett.finance.service.InvoiceServiceTest" time="0.003"/>
  <testcase name="testProcessPayment_withStatusOutstanding_updatesInvoice()" classname="uk.ac.leedsbeckett.finance.service.InvoiceServiceTest" time="0.003"/>
  <testcase name="testGetInvoiceByReference_withValidReference_returnsExistingInvoice()" classname="uk.ac.leedsbeckett.finance.service.InvoiceServiceTest" time="0.003"/>
  <testcase name="testPayInvoiceThroughPortal_withCorrectReference_paysInvoice()" classname="uk.ac.leedsbeckett.finance.service.InvoiceServiceTest" time="0.004"/>
  <testcase name="testPayInvoiceThroughPortal_withIncorrectReference_throwsException()" classname="uk.ac.leedsbeckett.finance.service.InvoiceServiceTest" time="0.004"/>
  <testcase name="testFindInvoiceThroughPortal_withCorrectReference_findsInvoice()" classname="uk.ac.leedsbeckett.finance.service.InvoiceServiceTest" time="0.003"/>
  <testcase name="testGetInvoiceById_withInValidID_throwsException()" classname="uk.ac.leedsbeckett.finance.service.InvoiceServiceTest" time="0.003"/>
  <system-out><![CDATA[2024-03-08 16:17:20.020  INFO 33604 --- [    Test worker] .b.t.c.SpringBootTestContextBootstrapper : Neither @ContextConfiguration nor @ContextHierarchy found for test class [uk.ac.leedsbeckett.finance.service.InvoiceServiceTest], using SpringBootContextLoader
2024-03-08 16:17:20.020  INFO 33604 --- [    Test worker] o.s.t.c.support.AbstractContextLoader    : Could not detect default resource locations for test class [uk.ac.leedsbeckett.finance.service.InvoiceServiceTest]: no resource found for suffixes {-context.xml, Context.groovy}.
2024-03-08 16:17:20.020  INFO 33604 --- [    Test worker] t.c.s.AnnotationConfigContextLoaderUtils : Could not detect default configuration classes for test class [uk.ac.leedsbeckett.finance.service.InvoiceServiceTest]: InvoiceServiceTest does not declare any static, non-private, non-final, nested classes annotated with @Configuration.
2024-03-08 16:17:20.021  INFO 33604 --- [    Test worker] .b.t.c.SpringBootTestContextBootstrapper : Found @SpringBootConfiguration uk.ac.leedsbeckett.finance.FinanceApplication for test class uk.ac.leedsbeckett.finance.service.InvoiceServiceTest
2024-03-08 16:17:20.022  INFO 33604 --- [    Test worker] .b.t.c.SpringBootTestContextBootstrapper : Loaded default TestExecutionListener class names from location [META-INF/spring.factories]: [org.springframework.boot.test.autoconfigure.restdocs.RestDocsTestExecutionListener, org.springframework.boot.test.autoconfigure.web.client.MockRestServiceServerResetTestExecutionListener, org.springframework.boot.test.autoconfigure.web.servlet.MockMvcPrintOnlyOnFailureTestExecutionListener, org.springframework.boot.test.autoconfigure.web.servlet.WebDriverTestExecutionListener, org.springframework.boot.test.autoconfigure.webservices.client.MockWebServiceServerTestExecutionListener, org.springframework.boot.test.mock.mockito.MockitoTestExecutionListener, org.springframework.boot.test.mock.mockito.ResetMocksTestExecutionListener, org.springframework.test.context.web.ServletTestExecutionListener, org.springframework.test.context.support.DirtiesContextBeforeModesTestExecutionListener, org.springframework.test.context.event.ApplicationEventsTestExecutionListener, org.springframework.test.context.support.DependencyInjectionTestExecutionListener, org.springframework.test.context.support.DirtiesContextTestExecutionListener, org.springframework.test.context.transaction.TransactionalTestExecutionListener, org.springframework.test.context.jdbc.SqlScriptsTestExecutionListener, org.springframework.test.context.event.EventPublishingTestExecutionListener]
2024-03-08 16:17:20.022  INFO 33604 --- [    Test worker] .b.t.c.SpringBootTestContextBootstrapper : Using TestExecutionListeners: [org.springframework.test.context.web.ServletTestExecutionListener@68d751bf, org.springframework.test.context.support.DirtiesContextBeforeModesTestExecutionListener@7720e110, org.springframework.test.context.event.ApplicationEventsTestExecutionListener@23e782e0, org.springframework.boot.test.mock.mockito.MockitoTestExecutionListener@3b086139, org.springframework.boot.test.autoconfigure.SpringBootDependencyInjectionTestExecutionListener@6900954e, org.springframework.test.context.support.DirtiesContextTestExecutionListener@19d8d11f, org.springframework.test.context.transaction.TransactionalTestExecutionListener@6b7b046, org.springframework.test.context.jdbc.SqlScriptsTestExecutionListener@7ece1800, org.springframework.test.context.event.EventPublishingTestExecutionListener@13095872, org.springframework.boot.test.autoconfigure.restdocs.RestDocsTestExecutionListener@4c062325, org.springframework.boot.test.autoconfigure.web.client.MockRestServiceServerResetTestExecutionListener@77889f63, org.springframework.boot.test.autoconfigure.web.servlet.MockMvcPrintOnlyOnFailureTestExecutionListener@7988978a, org.springframework.boot.test.autoconfigure.web.servlet.WebDriverTestExecutionListener@201b8a01, org.springframework.boot.test.autoconfigure.webservices.client.MockWebServiceServerTestExecutionListener@5d798a2c, org.springframework.boot.test.mock.mockito.ResetMocksTestExecutionListener@6eb96567]

  .   ____          _            __ _ _
 /\\ / ___'_ __ _ _(_)_ __  __ _ \ \ \ \
( ( )\___ | '_ | '_| | '_ \/ _` | \ \ \ \
 \\/  ___)| |_)| | | | | || (_| |  ) ) ) )
  '  |____| .__|_| |_|_| |_\__, | / / / /
 =========|_|==============|___/=/_/_/_/
 :: Spring Boot ::                (v2.6.1)

2024-03-08 16:17:20.037  INFO 33604 --- [    Test worker] u.a.l.f.service.InvoiceServiceTest       : Starting InvoiceServiceTest using Java 16.0.2 on BOSU_Desktop with PID 33604 (started by Bosurgi in D:\Documents\Projects\SESC\SESC_Microservices\finance)
2024-03-08 16:17:20.038  INFO 33604 --- [    Test worker] u.a.l.f.service.InvoiceServiceTest       : The following profiles are active: test
2024-03-08 16:17:20.115  INFO 33604 --- [    Test worker] .s.d.r.c.RepositoryConfigurationDelegate : Bootstrapping Spring Data JPA repositories in DEFAULT mode.
2024-03-08 16:17:20.121  INFO 33604 --- [    Test worker] .s.d.r.c.RepositoryConfigurationDelegate : Finished Spring Data repository scanning in 5 ms. Found 2 JPA repository interfaces.
2024-03-08 16:17:20.240  INFO 33604 --- [    Test worker] o.hibernate.jpa.internal.util.LogHelper  : HHH000204: Processing PersistenceUnitInfo [name: default]
2024-03-08 16:17:20.243  INFO 33604 --- [    Test worker] com.zaxxer.hikari.HikariDataSource       : HikariPool-5 - Starting...
2024-03-08 16:17:20.244  INFO 33604 --- [    Test worker] com.zaxxer.hikari.HikariDataSource       : HikariPool-5 - Start completed.
2024-03-08 16:17:20.244  INFO 33604 --- [    Test worker] org.hibernate.dialect.Dialect            : HHH000400: Using dialect: org.hibernate.dialect.H2Dialect
2024-03-08 16:17:20.265  INFO 33604 --- [    Test worker] o.h.e.t.j.p.i.JtaPlatformInitiator       : HHH000490: Using JtaPlatform implementation: [org.hibernate.engine.transaction.jta.platform.internal.NoJtaPlatform]
2024-03-08 16:17:20.266  INFO 33604 --- [    Test worker] j.LocalContainerEntityManagerFactoryBean : Initialized JPA EntityManagerFactory for persistence unit 'default'
2024-03-08 16:17:20.328  WARN 33604 --- [    Test worker] JpaBaseConfiguration$JpaWebConfiguration : spring.jpa.open-in-view is enabled by default. Therefore, database queries may be performed during view rendering. Explicitly configure spring.jpa.open-in-view to disable this warning
2024-03-08 16:17:20.512  INFO 33604 --- [    Test worker] u.a.l.f.service.InvoiceServiceTest       : Started InvoiceServiceTest in 0.487 seconds (JVM running for 13.714)
]]></system-out>
  <system-err><![CDATA[]]></system-err>
</testsuite>
