<?xml version="1.0" encoding="UTF-8"?>
<testsuite name="uk.ac.leedsbeckett.finance.model.InvoiceModelAssemblerTest" tests="10" skipped="0" failures="0" errors="0" timestamp="2024-03-08T16:17:19" hostname="BOSU_DESKTOP" time="0.025">
  <properties/>
  <testcase name="testToModel_withValidPaidInvoice_ReturnsExpectedEntityModel()" classname="uk.ac.leedsbeckett.finance.model.InvoiceModelAssemblerTest" time="0.003"/>
  <testcase name="testToModel_withNoDueDate_ThrowsException()" classname="uk.ac.leedsbeckett.finance.model.InvoiceModelAssemblerTest" time="0.002"/>
  <testcase name="testToModel_withIdZero_ThrowsException()" classname="uk.ac.leedsbeckett.finance.model.InvoiceModelAssemblerTest" time="0.002"/>
  <testcase name="testToModel_withValidOutstandingInvoice_ReturnsExpectedEntityModel()" classname="uk.ac.leedsbeckett.finance.model.InvoiceModelAssemblerTest" time="0.002"/>
  <testcase name="testToModel_withNullArgument_ThrowsException()" classname="uk.ac.leedsbeckett.finance.model.InvoiceModelAssemblerTest" time="0.002"/>
  <testcase name="testToModel_withReferenceEmpty_ThrowsException()" classname="uk.ac.leedsbeckett.finance.model.InvoiceModelAssemblerTest" time="0.002"/>
  <testcase name="testToModel_withValidCancelledInvoice_ReturnsExpectedEntityModel()" classname="uk.ac.leedsbeckett.finance.model.InvoiceModelAssemblerTest" time="0.002"/>
  <testcase name="testToModel_withIdNull_ThrowsException()" classname="uk.ac.leedsbeckett.finance.model.InvoiceModelAssemblerTest" time="0.002"/>
  <testcase name="testToModel_withNoAmount_ThrowsException()" classname="uk.ac.leedsbeckett.finance.model.InvoiceModelAssemblerTest" time="0.002"/>
  <testcase name="testToModel_withReferenceNull_ThrowsException()" classname="uk.ac.leedsbeckett.finance.model.InvoiceModelAssemblerTest" time="0.002"/>
  <system-out><![CDATA[2024-03-08 16:17:19.287  INFO 33604 --- [    Test worker] .b.t.c.SpringBootTestContextBootstrapper : Neither @ContextConfiguration nor @ContextHierarchy found for test class [uk.ac.leedsbeckett.finance.model.InvoiceModelAssemblerTest], using SpringBootContextLoader
2024-03-08 16:17:19.287  INFO 33604 --- [    Test worker] o.s.t.c.support.AbstractContextLoader    : Could not detect default resource locations for test class [uk.ac.leedsbeckett.finance.model.InvoiceModelAssemblerTest]: no resource found for suffixes {-context.xml, Context.groovy}.
2024-03-08 16:17:19.288  INFO 33604 --- [    Test worker] t.c.s.AnnotationConfigContextLoaderUtils : Could not detect default configuration classes for test class [uk.ac.leedsbeckett.finance.model.InvoiceModelAssemblerTest]: InvoiceModelAssemblerTest does not declare any static, non-private, non-final, nested classes annotated with @Configuration.
2024-03-08 16:17:19.288  INFO 33604 --- [    Test worker] .b.t.c.SpringBootTestContextBootstrapper : Found @SpringBootConfiguration uk.ac.leedsbeckett.finance.FinanceApplication for test class uk.ac.leedsbeckett.finance.model.InvoiceModelAssemblerTest
2024-03-08 16:17:19.290  INFO 33604 --- [    Test worker] .b.t.c.SpringBootTestContextBootstrapper : Loaded default TestExecutionListener class names from location [META-INF/spring.factories]: [org.springframework.boot.test.autoconfigure.restdocs.RestDocsTestExecutionListener, org.springframework.boot.test.autoconfigure.web.client.MockRestServiceServerResetTestExecutionListener, org.springframework.boot.test.autoconfigure.web.servlet.MockMvcPrintOnlyOnFailureTestExecutionListener, org.springframework.boot.test.autoconfigure.web.servlet.WebDriverTestExecutionListener, org.springframework.boot.test.autoconfigure.webservices.client.MockWebServiceServerTestExecutionListener, org.springframework.boot.test.mock.mockito.MockitoTestExecutionListener, org.springframework.boot.test.mock.mockito.ResetMocksTestExecutionListener, org.springframework.test.context.web.ServletTestExecutionListener, org.springframework.test.context.support.DirtiesContextBeforeModesTestExecutionListener, org.springframework.test.context.event.ApplicationEventsTestExecutionListener, org.springframework.test.context.support.DependencyInjectionTestExecutionListener, org.springframework.test.context.support.DirtiesContextTestExecutionListener, org.springframework.test.context.transaction.TransactionalTestExecutionListener, org.springframework.test.context.jdbc.SqlScriptsTestExecutionListener, org.springframework.test.context.event.EventPublishingTestExecutionListener]
2024-03-08 16:17:19.290  INFO 33604 --- [    Test worker] .b.t.c.SpringBootTestContextBootstrapper : Using TestExecutionListeners: [org.springframework.test.context.web.ServletTestExecutionListener@1314700e, org.springframework.test.context.support.DirtiesContextBeforeModesTestExecutionListener@66f73d3d, org.springframework.test.context.event.ApplicationEventsTestExecutionListener@2c427287, org.springframework.boot.test.mock.mockito.MockitoTestExecutionListener@306cb0a0, org.springframework.boot.test.autoconfigure.SpringBootDependencyInjectionTestExecutionListener@c822a3, org.springframework.test.context.support.DirtiesContextTestExecutionListener@5f09e952, org.springframework.test.context.transaction.TransactionalTestExecutionListener@60e06e7e, org.springframework.test.context.jdbc.SqlScriptsTestExecutionListener@355c2b72, org.springframework.test.context.event.EventPublishingTestExecutionListener@74c0da40, org.springframework.boot.test.autoconfigure.restdocs.RestDocsTestExecutionListener@6413fef3, org.springframework.boot.test.autoconfigure.web.client.MockRestServiceServerResetTestExecutionListener@763ff91, org.springframework.boot.test.autoconfigure.web.servlet.MockMvcPrintOnlyOnFailureTestExecutionListener@533053b4, org.springframework.boot.test.autoconfigure.web.servlet.WebDriverTestExecutionListener@21d08148, org.springframework.boot.test.autoconfigure.webservices.client.MockWebServiceServerTestExecutionListener@5acf07e7, org.springframework.boot.test.mock.mockito.ResetMocksTestExecutionListener@42c8f458]
]]></system-out>
  <system-err><![CDATA[]]></system-err>
</testsuite>
