<?xml version="1.0" encoding="UTF-8"?>
<testsuite name="uk.ac.leedsbeckett.finance.controller.PortalControllerIntegrationTest" tests="8" skipped="0" failures="0" errors="0" timestamp="2024-03-08T16:17:18" hostname="BOSU_DESKTOP" time="0.375">
  <properties/>
  <testcase name="givenInvoiceWithNonExistingReference_whenPostPayInvoice_thenStatus404()" classname="uk.ac.leedsbeckett.finance.controller.PortalControllerIntegrationTest" time="0.023"/>
  <testcase name="whenGetPortal_thenStatus200()" classname="uk.ac.leedsbeckett.finance.controller.PortalControllerIntegrationTest" time="0.217"/>
  <testcase name="givenInvoice_whenPostFindInvoice_thenStatus200()" classname="uk.ac.leedsbeckett.finance.controller.PortalControllerIntegrationTest" time="0.085"/>
  <testcase name="whenGetPortalInvoice_thenStatus200()" classname="uk.ac.leedsbeckett.finance.controller.PortalControllerIntegrationTest" time="0.009"/>
  <testcase name="whenGetRoot_thenRedirectToPortal_AndStatus302()" classname="uk.ac.leedsbeckett.finance.controller.PortalControllerIntegrationTest" time="0.008"/>
  <testcase name="givenInvoiceWithNullReference_whenPostPayInvoice_thenStatus404()" classname="uk.ac.leedsbeckett.finance.controller.PortalControllerIntegrationTest" time="0.007"/>
  <testcase name="givenNoInvoice_whenPostFindInvoice_thenStatus404()" classname="uk.ac.leedsbeckett.finance.controller.PortalControllerIntegrationTest" time="0.01"/>
  <testcase name="givenInvoice_whenPostPayInvoice_thenStatus200_andInvoicePaid()" classname="uk.ac.leedsbeckett.finance.controller.PortalControllerIntegrationTest" time="0.013"/>
  <system-out><![CDATA[2024-03-08 16:17:17.654  INFO 33604 --- [    Test worker] .b.t.c.SpringBootTestContextBootstrapper : Neither @ContextConfiguration nor @ContextHierarchy found for test class [uk.ac.leedsbeckett.finance.controller.PortalControllerIntegrationTest], using SpringBootContextLoader
2024-03-08 16:17:17.655  INFO 33604 --- [    Test worker] o.s.t.c.support.AbstractContextLoader    : Could not detect default resource locations for test class [uk.ac.leedsbeckett.finance.controller.PortalControllerIntegrationTest]: no resource found for suffixes {-context.xml, Context.groovy}.
2024-03-08 16:17:17.655  INFO 33604 --- [    Test worker] t.c.s.AnnotationConfigContextLoaderUtils : Could not detect default configuration classes for test class [uk.ac.leedsbeckett.finance.controller.PortalControllerIntegrationTest]: PortalControllerIntegrationTest does not declare any static, non-private, non-final, nested classes annotated with @Configuration.
2024-03-08 16:17:17.657  INFO 33604 --- [    Test worker] .b.t.c.SpringBootTestContextBootstrapper : Found @SpringBootConfiguration uk.ac.leedsbeckett.finance.FinanceApplication for test class uk.ac.leedsbeckett.finance.controller.PortalControllerIntegrationTest
2024-03-08 16:17:17.659  INFO 33604 --- [    Test worker] .b.t.c.SpringBootTestContextBootstrapper : Loaded default TestExecutionListener class names from location [META-INF/spring.factories]: [org.springframework.boot.test.autoconfigure.restdocs.RestDocsTestExecutionListener, org.springframework.boot.test.autoconfigure.web.client.MockRestServiceServerResetTestExecutionListener, org.springframework.boot.test.autoconfigure.web.servlet.MockMvcPrintOnlyOnFailureTestExecutionListener, org.springframework.boot.test.autoconfigure.web.servlet.WebDriverTestExecutionListener, org.springframework.boot.test.autoconfigure.webservices.client.MockWebServiceServerTestExecutionListener, org.springframework.boot.test.mock.mockito.MockitoTestExecutionListener, org.springframework.boot.test.mock.mockito.ResetMocksTestExecutionListener, org.springframework.test.context.web.ServletTestExecutionListener, org.springframework.test.context.support.DirtiesContextBeforeModesTestExecutionListener, org.springframework.test.context.event.ApplicationEventsTestExecutionListener, org.springframework.test.context.support.DependencyInjectionTestExecutionListener, org.springframework.test.context.support.DirtiesContextTestExecutionListener, org.springframework.test.context.transaction.TransactionalTestExecutionListener, org.springframework.test.context.jdbc.SqlScriptsTestExecutionListener, org.springframework.test.context.event.EventPublishingTestExecutionListener]
2024-03-08 16:17:17.659  INFO 33604 --- [    Test worker] .b.t.c.SpringBootTestContextBootstrapper : Using TestExecutionListeners: [org.springframework.test.context.web.ServletTestExecutionListener@3ffa424d, org.springframework.test.context.support.DirtiesContextBeforeModesTestExecutionListener@652cb87d, org.springframework.test.context.event.ApplicationEventsTestExecutionListener@463c5d0f, org.springframework.boot.test.mock.mockito.MockitoTestExecutionListener@5304cee, org.springframework.boot.test.autoconfigure.SpringBootDependencyInjectionTestExecutionListener@68b59e2f, org.springframework.test.context.support.DirtiesContextTestExecutionListener@685a3c14, org.springframework.test.context.transaction.TransactionalTestExecutionListener@4c2ad035, org.springframework.test.context.jdbc.SqlScriptsTestExecutionListener@4b7ab262, org.springframework.test.context.event.EventPublishingTestExecutionListener@f7a19c4, org.springframework.boot.test.autoconfigure.restdocs.RestDocsTestExecutionListener@36f93ea3, org.springframework.boot.test.autoconfigure.web.client.MockRestServiceServerResetTestExecutionListener@2c48eb31, org.springframework.boot.test.autoconfigure.web.servlet.MockMvcPrintOnlyOnFailureTestExecutionListener@323fa578, org.springframework.boot.test.autoconfigure.web.servlet.WebDriverTestExecutionListener@6d543ec2, org.springframework.boot.test.autoconfigure.webservices.client.MockWebServiceServerTestExecutionListener@12a719ed, org.springframework.boot.test.mock.mockito.ResetMocksTestExecutionListener@79dd79eb]

  .   ____          _            __ _ _
 /\\ / ___'_ __ _ _(_)_ __  __ _ \ \ \ \
( ( )\___ | '_ | '_| | '_ \/ _` | \ \ \ \
 \\/  ___)| |_)| | | | | || (_| |  ) ) ) )
  '  |____| .__|_| |_|_| |_\__, | / / / /
 =========|_|==============|___/=/_/_/_/
 :: Spring Boot ::                (v2.6.1)

2024-03-08 16:17:17.677  INFO 33604 --- [    Test worker] .a.l.f.c.PortalControllerIntegrationTest : Starting PortalControllerIntegrationTest using Java 16.0.2 on BOSU_Desktop with PID 33604 (started by Bosurgi in D:\Documents\Projects\SESC\SESC_Microservices\finance)
2024-03-08 16:17:17.677  INFO 33604 --- [    Test worker] .a.l.f.c.PortalControllerIntegrationTest : The following profiles are active: test
2024-03-08 16:17:17.816  INFO 33604 --- [    Test worker] .s.d.r.c.RepositoryConfigurationDelegate : Bootstrapping Spring Data JPA repositories in DEFAULT mode.
2024-03-08 16:17:17.824  INFO 33604 --- [    Test worker] .s.d.r.c.RepositoryConfigurationDelegate : Finished Spring Data repository scanning in 7 ms. Found 2 JPA repository interfaces.
2024-03-08 16:17:17.840  INFO 33604 --- [    Test worker] beddedDataSourceBeanFactoryPostProcessor : Replacing 'dataSource' DataSource bean with embedded version
2024-03-08 16:17:17.883  INFO 33604 --- [    Test worker] o.s.j.d.e.EmbeddedDatabaseFactory        : Starting embedded database: url='jdbc:h2:mem:54e9cf90-cdbd-43bd-9269-85957ae42b08;DB_CLOSE_DELAY=-1;DB_CLOSE_ON_EXIT=false', username='sa'
2024-03-08 16:17:17.912  INFO 33604 --- [    Test worker] o.hibernate.jpa.internal.util.LogHelper  : HHH000204: Processing PersistenceUnitInfo [name: default]
2024-03-08 16:17:17.917  INFO 33604 --- [    Test worker] org.hibernate.dialect.Dialect            : HHH000400: Using dialect: org.hibernate.dialect.H2Dialect
2024-03-08 16:17:17.945  INFO 33604 --- [    Test worker] o.h.e.t.j.p.i.JtaPlatformInitiator       : HHH000490: Using JtaPlatform implementation: [org.hibernate.engine.transaction.jta.platform.internal.NoJtaPlatform]
2024-03-08 16:17:17.945  INFO 33604 --- [    Test worker] j.LocalContainerEntityManagerFactoryBean : Initialized JPA EntityManagerFactory for persistence unit 'default'
2024-03-08 16:17:18.050  WARN 33604 --- [    Test worker] JpaBaseConfiguration$JpaWebConfiguration : spring.jpa.open-in-view is enabled by default. Therefore, database queries may be performed during view rendering. Explicitly configure spring.jpa.open-in-view to disable this warning
2024-03-08 16:17:18.298  INFO 33604 --- [    Test worker] o.s.b.t.m.w.SpringBootMockServletContext : Initializing Spring TestDispatcherServlet ''
2024-03-08 16:17:18.298  INFO 33604 --- [    Test worker] o.s.t.web.servlet.TestDispatcherServlet  : Initializing Servlet ''
2024-03-08 16:17:18.298  INFO 33604 --- [    Test worker] o.s.t.web.servlet.TestDispatcherServlet  : Completed initialization in 0 ms
2024-03-08 16:17:18.305  INFO 33604 --- [    Test worker] .a.l.f.c.PortalControllerIntegrationTest : Started PortalControllerIntegrationTest in 0.644 seconds (JVM running for 11.507)
]]></system-out>
  <system-err><![CDATA[]]></system-err>
</testsuite>
