<?xml version="1.0" encoding="UTF-8"?>
<testsuite name="uk.ac.leedsbeckett.finance.model.AccountModelAssemblerTest" tests="4" skipped="0" failures="0" errors="0" timestamp="2024-04-06T17:11:07" hostname="BOSU_DESKTOP" time="0.048">
  <properties/>
  <testcase name="testToModel_withIdZero_ThrowsException()" classname="uk.ac.leedsbeckett.finance.model.AccountModelAssemblerTest" time="0.005"/>
  <testcase name="testToModel_withNullArgument_ThrowsException()" classname="uk.ac.leedsbeckett.finance.model.AccountModelAssemblerTest" time="0.002"/>
  <testcase name="testToModel_withIdNull_ThrowsException()" classname="uk.ac.leedsbeckett.finance.model.AccountModelAssemblerTest" time="0.002"/>
  <testcase name="testToModel_withValidAccount_ReturnsExpectedEntityModel()" classname="uk.ac.leedsbeckett.finance.model.AccountModelAssemblerTest" time="0.037"/>
  <system-out><![CDATA[2024-04-06 18:11:07.423  INFO 2340 --- [    Test worker] .b.t.c.SpringBootTestContextBootstrapper : Neither @ContextConfiguration nor @ContextHierarchy found for test class [uk.ac.leedsbeckett.finance.model.AccountModelAssemblerTest], using SpringBootContextLoader
2024-04-06 18:11:07.423  INFO 2340 --- [    Test worker] o.s.t.c.support.AbstractContextLoader    : Could not detect default resource locations for test class [uk.ac.leedsbeckett.finance.model.AccountModelAssemblerTest]: no resource found for suffixes {-context.xml, Context.groovy}.
2024-04-06 18:11:07.423  INFO 2340 --- [    Test worker] t.c.s.AnnotationConfigContextLoaderUtils : Could not detect default configuration classes for test class [uk.ac.leedsbeckett.finance.model.AccountModelAssemblerTest]: AccountModelAssemblerTest does not declare any static, non-private, non-final, nested classes annotated with @Configuration.
2024-04-06 18:11:07.427  INFO 2340 --- [    Test worker] .b.t.c.SpringBootTestContextBootstrapper : Found @SpringBootConfiguration uk.ac.leedsbeckett.finance.FinanceApplication for test class uk.ac.leedsbeckett.finance.model.AccountModelAssemblerTest
2024-04-06 18:11:07.429  INFO 2340 --- [    Test worker] .b.t.c.SpringBootTestContextBootstrapper : Loaded default TestExecutionListener class names from location [META-INF/spring.factories]: [org.springframework.boot.test.autoconfigure.restdocs.RestDocsTestExecutionListener, org.springframework.boot.test.autoconfigure.web.client.MockRestServiceServerResetTestExecutionListener, org.springframework.boot.test.autoconfigure.web.servlet.MockMvcPrintOnlyOnFailureTestExecutionListener, org.springframework.boot.test.autoconfigure.web.servlet.WebDriverTestExecutionListener, org.springframework.boot.test.autoconfigure.webservices.client.MockWebServiceServerTestExecutionListener, org.springframework.boot.test.mock.mockito.MockitoTestExecutionListener, org.springframework.boot.test.mock.mockito.ResetMocksTestExecutionListener, org.springframework.test.context.web.ServletTestExecutionListener, org.springframework.test.context.support.DirtiesContextBeforeModesTestExecutionListener, org.springframework.test.context.event.ApplicationEventsTestExecutionListener, org.springframework.test.context.support.DependencyInjectionTestExecutionListener, org.springframework.test.context.support.DirtiesContextTestExecutionListener, org.springframework.test.context.transaction.TransactionalTestExecutionListener, org.springframework.test.context.jdbc.SqlScriptsTestExecutionListener, org.springframework.test.context.event.EventPublishingTestExecutionListener]
2024-04-06 18:11:07.429  INFO 2340 --- [    Test worker] .b.t.c.SpringBootTestContextBootstrapper : Using TestExecutionListeners: [org.springframework.test.context.web.ServletTestExecutionListener@2e8828b5, org.springframework.test.context.support.DirtiesContextBeforeModesTestExecutionListener@564519de, org.springframework.test.context.event.ApplicationEventsTestExecutionListener@75b45343, org.springframework.boot.test.mock.mockito.MockitoTestExecutionListener@553fdf58, org.springframework.boot.test.autoconfigure.SpringBootDependencyInjectionTestExecutionListener@3a9d88ca, org.springframework.test.context.support.DirtiesContextTestExecutionListener@4468fdae, org.springframework.test.context.transaction.TransactionalTestExecutionListener@1391802b, org.springframework.test.context.jdbc.SqlScriptsTestExecutionListener@387f581e, org.springframework.test.context.event.EventPublishingTestExecutionListener@6ef25c03, org.springframework.boot.test.autoconfigure.restdocs.RestDocsTestExecutionListener@6df459fe, org.springframework.boot.test.autoconfigure.web.client.MockRestServiceServerResetTestExecutionListener@72fb0cb3, org.springframework.boot.test.autoconfigure.web.servlet.MockMvcPrintOnlyOnFailureTestExecutionListener@3086155a, org.springframework.boot.test.autoconfigure.web.servlet.WebDriverTestExecutionListener@4c68550d, org.springframework.boot.test.autoconfigure.webservices.client.MockWebServiceServerTestExecutionListener@31cced7, org.springframework.boot.test.mock.mockito.ResetMocksTestExecutionListener@2928c493]
]]></system-out>
  <system-err><![CDATA[]]></system-err>
</testsuite>
