<?xml version="1.0" encoding="UTF-8"?>
<testsuite name="uk.ac.leedsbeckett.finance.model.InvoiceModelAssemblerTest" tests="10" skipped="0" failures="0" errors="0" timestamp="2024-04-06T17:11:07" hostname="BOSU_DESKTOP" time="0.023">
  <properties/>
  <testcase name="testToModel_withValidPaidInvoice_ReturnsExpectedEntityModel()" classname="uk.ac.leedsbeckett.finance.model.InvoiceModelAssemblerTest" time="0.002"/>
  <testcase name="testToModel_withNoDueDate_ThrowsException()" classname="uk.ac.leedsbeckett.finance.model.InvoiceModelAssemblerTest" time="0.001"/>
  <testcase name="testToModel_withIdZero_ThrowsException()" classname="uk.ac.leedsbeckett.finance.model.InvoiceModelAssemblerTest" time="0.002"/>
  <testcase name="testToModel_withValidOutstandingInvoice_ReturnsExpectedEntityModel()" classname="uk.ac.leedsbeckett.finance.model.InvoiceModelAssemblerTest" time="0.002"/>
  <testcase name="testToModel_withNullArgument_ThrowsException()" classname="uk.ac.leedsbeckett.finance.model.InvoiceModelAssemblerTest" time="0.001"/>
  <testcase name="testToModel_withReferenceEmpty_ThrowsException()" classname="uk.ac.leedsbeckett.finance.model.InvoiceModelAssemblerTest" time="0.001"/>
  <testcase name="testToModel_withValidCancelledInvoice_ReturnsExpectedEntityModel()" classname="uk.ac.leedsbeckett.finance.model.InvoiceModelAssemblerTest" time="0.002"/>
  <testcase name="testToModel_withIdNull_ThrowsException()" classname="uk.ac.leedsbeckett.finance.model.InvoiceModelAssemblerTest" time="0.002"/>
  <testcase name="testToModel_withNoAmount_ThrowsException()" classname="uk.ac.leedsbeckett.finance.model.InvoiceModelAssemblerTest" time="0.003"/>
  <testcase name="testToModel_withReferenceNull_ThrowsException()" classname="uk.ac.leedsbeckett.finance.model.InvoiceModelAssemblerTest" time="0.002"/>
  <system-out><![CDATA[2024-04-06 18:11:07.479  INFO 2340 --- [    Test worker] .b.t.c.SpringBootTestContextBootstrapper : Neither @ContextConfiguration nor @ContextHierarchy found for test class [uk.ac.leedsbeckett.finance.model.InvoiceModelAssemblerTest], using SpringBootContextLoader
2024-04-06 18:11:07.479  INFO 2340 --- [    Test worker] o.s.t.c.support.AbstractContextLoader    : Could not detect default resource locations for test class [uk.ac.leedsbeckett.finance.model.InvoiceModelAssemblerTest]: no resource found for suffixes {-context.xml, Context.groovy}.
2024-04-06 18:11:07.479  INFO 2340 --- [    Test worker] t.c.s.AnnotationConfigContextLoaderUtils : Could not detect default configuration classes for test class [uk.ac.leedsbeckett.finance.model.InvoiceModelAssemblerTest]: InvoiceModelAssemblerTest does not declare any static, non-private, non-final, nested classes annotated with @Configuration.
2024-04-06 18:11:07.480  INFO 2340 --- [    Test worker] .b.t.c.SpringBootTestContextBootstrapper : Found @SpringBootConfiguration uk.ac.leedsbeckett.finance.FinanceApplication for test class uk.ac.leedsbeckett.finance.model.InvoiceModelAssemblerTest
2024-04-06 18:11:07.480  INFO 2340 --- [    Test worker] .b.t.c.SpringBootTestContextBootstrapper : Loaded default TestExecutionListener class names from location [META-INF/spring.factories]: [org.springframework.boot.test.autoconfigure.restdocs.RestDocsTestExecutionListener, org.springframework.boot.test.autoconfigure.web.client.MockRestServiceServerResetTestExecutionListener, org.springframework.boot.test.autoconfigure.web.servlet.MockMvcPrintOnlyOnFailureTestExecutionListener, org.springframework.boot.test.autoconfigure.web.servlet.WebDriverTestExecutionListener, org.springframework.boot.test.autoconfigure.webservices.client.MockWebServiceServerTestExecutionListener, org.springframework.boot.test.mock.mockito.MockitoTestExecutionListener, org.springframework.boot.test.mock.mockito.ResetMocksTestExecutionListener, org.springframework.test.context.web.ServletTestExecutionListener, org.springframework.test.context.support.DirtiesContextBeforeModesTestExecutionListener, org.springframework.test.context.event.ApplicationEventsTestExecutionListener, org.springframework.test.context.support.DependencyInjectionTestExecutionListener, org.springframework.test.context.support.DirtiesContextTestExecutionListener, org.springframework.test.context.transaction.TransactionalTestExecutionListener, org.springframework.test.context.jdbc.SqlScriptsTestExecutionListener, org.springframework.test.context.event.EventPublishingTestExecutionListener]
2024-04-06 18:11:07.481  INFO 2340 --- [    Test worker] .b.t.c.SpringBootTestContextBootstrapper : Using TestExecutionListeners: [org.springframework.test.context.web.ServletTestExecutionListener@164ca703, org.springframework.test.context.support.DirtiesContextBeforeModesTestExecutionListener@f5dd2de, org.springframework.test.context.event.ApplicationEventsTestExecutionListener@64f6964f, org.springframework.boot.test.mock.mockito.MockitoTestExecutionListener@60291e59, org.springframework.boot.test.autoconfigure.SpringBootDependencyInjectionTestExecutionListener@13aed9e0, org.springframework.test.context.support.DirtiesContextTestExecutionListener@72842269, org.springframework.test.context.transaction.TransactionalTestExecutionListener@22908698, org.springframework.test.context.jdbc.SqlScriptsTestExecutionListener@a638f45, org.springframework.test.context.event.EventPublishingTestExecutionListener@6fe73630, org.springframework.boot.test.autoconfigure.restdocs.RestDocsTestExecutionListener@3c23d6cf, org.springframework.boot.test.autoconfigure.web.client.MockRestServiceServerResetTestExecutionListener@1a212395, org.springframework.boot.test.autoconfigure.web.servlet.MockMvcPrintOnlyOnFailureTestExecutionListener@c2e9e33, org.springframework.boot.test.autoconfigure.web.servlet.WebDriverTestExecutionListener@5aae7f30, org.springframework.boot.test.autoconfigure.webservices.client.MockWebServiceServerTestExecutionListener@78995f04, org.springframework.boot.test.mock.mockito.ResetMocksTestExecutionListener@6bb7e609]
]]></system-out>
  <system-err><![CDATA[]]></system-err>
</testsuite>
