<?xml version="1.0" encoding="UTF-8"?>
<testsuite name="uk.ac.leedsbeckett.finance.service.AccountServiceTest" tests="10" skipped="0" failures="0" errors="0" timestamp="2024-03-08T16:17:19" hostname="BOSU_DESKTOP" time="0.084">
  <properties/>
  <testcase name="testDeleteAccount_withValidId_deletesAccount()" classname="uk.ac.leedsbeckett.finance.service.AccountServiceTest" time="0.026"/>
  <testcase name="testCreateNewAccount_withValidData_createsAccount()" classname="uk.ac.leedsbeckett.finance.service.AccountServiceTest" time="0.005"/>
  <testcase name="testGetAccountById_withNullID_throwsException()" classname="uk.ac.leedsbeckett.finance.service.AccountServiceTest" time="0.004"/>
  <testcase name="testGetAccountByStudentId_withNullID_throwsException()" classname="uk.ac.leedsbeckett.finance.service.AccountServiceTest" time="0.002"/>
  <testcase name="testGetAccountByStudentId_withValidID_ReturnsExistingAccount()" classname="uk.ac.leedsbeckett.finance.service.AccountServiceTest" time="0.02"/>
  <testcase name="testGetAccountById_withValidID_ReturnsExistingAccount()" classname="uk.ac.leedsbeckett.finance.service.AccountServiceTest" time="0.005"/>
  <testcase name="testGetAllAccounts_returnsExistingAccounts()" classname="uk.ac.leedsbeckett.finance.service.AccountServiceTest" time="0.007"/>
  <testcase name="testGetAccountById_withInValidID_throwsException()" classname="uk.ac.leedsbeckett.finance.service.AccountServiceTest" time="0.004"/>
  <testcase name="testGetAccountByStudentId_withInValidID_throwsException()" classname="uk.ac.leedsbeckett.finance.service.AccountServiceTest" time="0.003"/>
  <testcase name="testGetAccountByStudentId_withEmptyID_throwsException()" classname="uk.ac.leedsbeckett.finance.service.AccountServiceTest" time="0.003"/>
  <system-out><![CDATA[2024-03-08 16:17:19.319  INFO 33604 --- [    Test worker] .b.t.c.SpringBootTestContextBootstrapper : Neither @ContextConfiguration nor @ContextHierarchy found for test class [uk.ac.leedsbeckett.finance.service.AccountServiceTest], using SpringBootContextLoader
2024-03-08 16:17:19.319  INFO 33604 --- [    Test worker] o.s.t.c.support.AbstractContextLoader    : Could not detect default resource locations for test class [uk.ac.leedsbeckett.finance.service.AccountServiceTest]: no resource found for suffixes {-context.xml, Context.groovy}.
2024-03-08 16:17:19.320  INFO 33604 --- [    Test worker] t.c.s.AnnotationConfigContextLoaderUtils : Could not detect default configuration classes for test class [uk.ac.leedsbeckett.finance.service.AccountServiceTest]: AccountServiceTest does not declare any static, non-private, non-final, nested classes annotated with @Configuration.
2024-03-08 16:17:19.325  INFO 33604 --- [    Test worker] .b.t.c.SpringBootTestContextBootstrapper : Found @SpringBootConfiguration uk.ac.leedsbeckett.finance.FinanceApplication for test class uk.ac.leedsbeckett.finance.service.AccountServiceTest
2024-03-08 16:17:19.326  INFO 33604 --- [    Test worker] .b.t.c.SpringBootTestContextBootstrapper : Loaded default TestExecutionListener class names from location [META-INF/spring.factories]: [org.springframework.boot.test.autoconfigure.restdocs.RestDocsTestExecutionListener, org.springframework.boot.test.autoconfigure.web.client.MockRestServiceServerResetTestExecutionListener, org.springframework.boot.test.autoconfigure.web.servlet.MockMvcPrintOnlyOnFailureTestExecutionListener, org.springframework.boot.test.autoconfigure.web.servlet.WebDriverTestExecutionListener, org.springframework.boot.test.autoconfigure.webservices.client.MockWebServiceServerTestExecutionListener, org.springframework.boot.test.mock.mockito.MockitoTestExecutionListener, org.springframework.boot.test.mock.mockito.ResetMocksTestExecutionListener, org.springframework.test.context.web.ServletTestExecutionListener, org.springframework.test.context.support.DirtiesContextBeforeModesTestExecutionListener, org.springframework.test.context.event.ApplicationEventsTestExecutionListener, org.springframework.test.context.support.DependencyInjectionTestExecutionListener, org.springframework.test.context.support.DirtiesContextTestExecutionListener, org.springframework.test.context.transaction.TransactionalTestExecutionListener, org.springframework.test.context.jdbc.SqlScriptsTestExecutionListener, org.springframework.test.context.event.EventPublishingTestExecutionListener]
2024-03-08 16:17:19.326  INFO 33604 --- [    Test worker] .b.t.c.SpringBootTestContextBootstrapper : Using TestExecutionListeners: [org.springframework.test.context.web.ServletTestExecutionListener@64a552, org.springframework.test.context.support.DirtiesContextBeforeModesTestExecutionListener@5d7a274e, org.springframework.test.context.event.ApplicationEventsTestExecutionListener@63fa7643, org.springframework.boot.test.mock.mockito.MockitoTestExecutionListener@5622e162, org.springframework.boot.test.autoconfigure.SpringBootDependencyInjectionTestExecutionListener@734990c1, org.springframework.test.context.support.DirtiesContextTestExecutionListener@7f8589b1, org.springframework.test.context.transaction.TransactionalTestExecutionListener@4f7db06c, org.springframework.test.context.jdbc.SqlScriptsTestExecutionListener@e156110, org.springframework.test.context.event.EventPublishingTestExecutionListener@31e5378b, org.springframework.boot.test.autoconfigure.restdocs.RestDocsTestExecutionListener@62fef807, org.springframework.boot.test.autoconfigure.web.client.MockRestServiceServerResetTestExecutionListener@40a2cae4, org.springframework.boot.test.autoconfigure.web.servlet.MockMvcPrintOnlyOnFailureTestExecutionListener@651a3e01, org.springframework.boot.test.autoconfigure.web.servlet.WebDriverTestExecutionListener@7d5b1446, org.springframework.boot.test.autoconfigure.webservices.client.MockWebServiceServerTestExecutionListener@6870f52a, org.springframework.boot.test.mock.mockito.ResetMocksTestExecutionListener@3ed3f72a]

  .   ____          _            __ _ _
 /\\ / ___'_ __ _ _(_)_ __  __ _ \ \ \ \
( ( )\___ | '_ | '_| | '_ \/ _` | \ \ \ \
 \\/  ___)| |_)| | | | | || (_| |  ) ) ) )
  '  |____| .__|_| |_|_| |_\__, | / / / /
 =========|_|==============|___/=/_/_/_/
 :: Spring Boot ::                (v2.6.1)

2024-03-08 16:17:19.338  INFO 33604 --- [    Test worker] u.a.l.f.service.AccountServiceTest       : Starting AccountServiceTest using Java 16.0.2 on BOSU_Desktop with PID 33604 (started by Bosurgi in D:\Documents\Projects\SESC\SESC_Microservices\finance)
2024-03-08 16:17:19.338  INFO 33604 --- [    Test worker] u.a.l.f.service.AccountServiceTest       : The following profiles are active: test
2024-03-08 16:17:19.427  INFO 33604 --- [    Test worker] .s.d.r.c.RepositoryConfigurationDelegate : Bootstrapping Spring Data JPA repositories in DEFAULT mode.
2024-03-08 16:17:19.436  INFO 33604 --- [    Test worker] .s.d.r.c.RepositoryConfigurationDelegate : Finished Spring Data repository scanning in 8 ms. Found 2 JPA repository interfaces.
2024-03-08 16:17:19.593  INFO 33604 --- [    Test worker] o.hibernate.jpa.internal.util.LogHelper  : HHH000204: Processing PersistenceUnitInfo [name: default]
2024-03-08 16:17:19.597  INFO 33604 --- [    Test worker] com.zaxxer.hikari.HikariDataSource       : HikariPool-4 - Starting...
2024-03-08 16:17:19.598  INFO 33604 --- [    Test worker] com.zaxxer.hikari.HikariDataSource       : HikariPool-4 - Start completed.
2024-03-08 16:17:19.598  INFO 33604 --- [    Test worker] org.hibernate.dialect.Dialect            : HHH000400: Using dialect: org.hibernate.dialect.H2Dialect
2024-03-08 16:17:19.623  INFO 33604 --- [    Test worker] o.h.e.t.j.p.i.JtaPlatformInitiator       : HHH000490: Using JtaPlatform implementation: [org.hibernate.engine.transaction.jta.platform.internal.NoJtaPlatform]
2024-03-08 16:17:19.623  INFO 33604 --- [    Test worker] j.LocalContainerEntityManagerFactoryBean : Initialized JPA EntityManagerFactory for persistence unit 'default'
2024-03-08 16:17:19.732  WARN 33604 --- [    Test worker] JpaBaseConfiguration$JpaWebConfiguration : spring.jpa.open-in-view is enabled by default. Therefore, database queries may be performed during view rendering. Explicitly configure spring.jpa.open-in-view to disable this warning
2024-03-08 16:17:19.932  INFO 33604 --- [    Test worker] u.a.l.f.service.AccountServiceTest       : Started AccountServiceTest in 0.605 seconds (JVM running for 13.135)
]]></system-out>
  <system-err><![CDATA[]]></system-err>
</testsuite>
