<?xml version="1.0" encoding="UTF-8"?>
<testsuite name="uk.ac.leedsbeckett.finance.model.AccountModelAssemblerTest" tests="4" skipped="0" failures="0" errors="0" timestamp="2024-03-08T16:17:19" hostname="BOSU_DESKTOP" time="0.061">
  <properties/>
  <testcase name="testToModel_withIdZero_ThrowsException()" classname="uk.ac.leedsbeckett.finance.model.AccountModelAssemblerTest" time="0.006"/>
  <testcase name="testToModel_withNullArgument_ThrowsException()" classname="uk.ac.leedsbeckett.finance.model.AccountModelAssemblerTest" time="0.002"/>
  <testcase name="testToModel_withIdNull_ThrowsException()" classname="uk.ac.leedsbeckett.finance.model.AccountModelAssemblerTest" time="0.002"/>
  <testcase name="testToModel_withValidAccount_ReturnsExpectedEntityModel()" classname="uk.ac.leedsbeckett.finance.model.AccountModelAssemblerTest" time="0.049"/>
  <system-out><![CDATA[2024-03-08 16:17:18.684  INFO 33604 --- [    Test worker] .b.t.c.SpringBootTestContextBootstrapper : Neither @ContextConfiguration nor @ContextHierarchy found for test class [uk.ac.leedsbeckett.finance.model.AccountModelAssemblerTest], using SpringBootContextLoader
2024-03-08 16:17:18.685  INFO 33604 --- [    Test worker] o.s.t.c.support.AbstractContextLoader    : Could not detect default resource locations for test class [uk.ac.leedsbeckett.finance.model.AccountModelAssemblerTest]: no resource found for suffixes {-context.xml, Context.groovy}.
2024-03-08 16:17:18.685  INFO 33604 --- [    Test worker] t.c.s.AnnotationConfigContextLoaderUtils : Could not detect default configuration classes for test class [uk.ac.leedsbeckett.finance.model.AccountModelAssemblerTest]: AccountModelAssemblerTest does not declare any static, non-private, non-final, nested classes annotated with @Configuration.
2024-03-08 16:17:18.689  INFO 33604 --- [    Test worker] .b.t.c.SpringBootTestContextBootstrapper : Found @SpringBootConfiguration uk.ac.leedsbeckett.finance.FinanceApplication for test class uk.ac.leedsbeckett.finance.model.AccountModelAssemblerTest
2024-03-08 16:17:18.690  INFO 33604 --- [    Test worker] .b.t.c.SpringBootTestContextBootstrapper : Loaded default TestExecutionListener class names from location [META-INF/spring.factories]: [org.springframework.boot.test.autoconfigure.restdocs.RestDocsTestExecutionListener, org.springframework.boot.test.autoconfigure.web.client.MockRestServiceServerResetTestExecutionListener, org.springframework.boot.test.autoconfigure.web.servlet.MockMvcPrintOnlyOnFailureTestExecutionListener, org.springframework.boot.test.autoconfigure.web.servlet.WebDriverTestExecutionListener, org.springframework.boot.test.autoconfigure.webservices.client.MockWebServiceServerTestExecutionListener, org.springframework.boot.test.mock.mockito.MockitoTestExecutionListener, org.springframework.boot.test.mock.mockito.ResetMocksTestExecutionListener, org.springframework.test.context.web.ServletTestExecutionListener, org.springframework.test.context.support.DirtiesContextBeforeModesTestExecutionListener, org.springframework.test.context.event.ApplicationEventsTestExecutionListener, org.springframework.test.context.support.DependencyInjectionTestExecutionListener, org.springframework.test.context.support.DirtiesContextTestExecutionListener, org.springframework.test.context.transaction.TransactionalTestExecutionListener, org.springframework.test.context.jdbc.SqlScriptsTestExecutionListener, org.springframework.test.context.event.EventPublishingTestExecutionListener]
2024-03-08 16:17:18.690  INFO 33604 --- [    Test worker] .b.t.c.SpringBootTestContextBootstrapper : Using TestExecutionListeners: [org.springframework.test.context.web.ServletTestExecutionListener@4dcb8e8b, org.springframework.test.context.support.DirtiesContextBeforeModesTestExecutionListener@46a6f51b, org.springframework.test.context.event.ApplicationEventsTestExecutionListener@7287811f, org.springframework.boot.test.mock.mockito.MockitoTestExecutionListener@1e490ed, org.springframework.boot.test.autoconfigure.SpringBootDependencyInjectionTestExecutionListener@10cae98c, org.springframework.test.context.support.DirtiesContextTestExecutionListener@61b5c8a3, org.springframework.test.context.transaction.TransactionalTestExecutionListener@2f7432f3, org.springframework.test.context.jdbc.SqlScriptsTestExecutionListener@ab2ac08, org.springframework.test.context.event.EventPublishingTestExecutionListener@4d73b25b, org.springframework.boot.test.autoconfigure.restdocs.RestDocsTestExecutionListener@24c8b86, org.springframework.boot.test.autoconfigure.web.client.MockRestServiceServerResetTestExecutionListener@c21c296, org.springframework.boot.test.autoconfigure.web.servlet.MockMvcPrintOnlyOnFailureTestExecutionListener@13ecedf6, org.springframework.boot.test.autoconfigure.web.servlet.WebDriverTestExecutionListener@435d74ba, org.springframework.boot.test.autoconfigure.webservices.client.MockWebServiceServerTestExecutionListener@252bc7ec, org.springframework.boot.test.mock.mockito.ResetMocksTestExecutionListener@279c94ad]

  .   ____          _            __ _ _
 /\\ / ___'_ __ _ _(_)_ __  __ _ \ \ \ \
( ( )\___ | '_ | '_| | '_ \/ _` | \ \ \ \
 \\/  ___)| |_)| | | | | || (_| |  ) ) ) )
  '  |____| .__|_| |_|_| |_\__, | / / / /
 =========|_|==============|___/=/_/_/_/
 :: Spring Boot ::                (v2.6.1)

2024-03-08 16:17:18.704  INFO 33604 --- [    Test worker] u.a.l.f.model.AccountModelAssemblerTest  : Starting AccountModelAssemblerTest using Java 16.0.2 on BOSU_Desktop with PID 33604 (started by Bosurgi in D:\Documents\Projects\SESC\SESC_Microservices\finance)
2024-03-08 16:17:18.704  INFO 33604 --- [    Test worker] u.a.l.f.model.AccountModelAssemblerTest  : The following profiles are active: test
2024-03-08 16:17:18.812  INFO 33604 --- [    Test worker] .s.d.r.c.RepositoryConfigurationDelegate : Bootstrapping Spring Data JPA repositories in DEFAULT mode.
2024-03-08 16:17:18.819  INFO 33604 --- [    Test worker] .s.d.r.c.RepositoryConfigurationDelegate : Finished Spring Data repository scanning in 7 ms. Found 2 JPA repository interfaces.
2024-03-08 16:17:18.911  INFO 33604 --- [    Test worker] o.hibernate.jpa.internal.util.LogHelper  : HHH000204: Processing PersistenceUnitInfo [name: default]
2024-03-08 16:17:18.916  INFO 33604 --- [    Test worker] com.zaxxer.hikari.HikariDataSource       : HikariPool-3 - Starting...
2024-03-08 16:17:18.916  INFO 33604 --- [    Test worker] com.zaxxer.hikari.HikariDataSource       : HikariPool-3 - Start completed.
2024-03-08 16:17:18.917  INFO 33604 --- [    Test worker] org.hibernate.dialect.Dialect            : HHH000400: Using dialect: org.hibernate.dialect.H2Dialect
2024-03-08 16:17:18.948  INFO 33604 --- [    Test worker] o.h.e.t.j.p.i.JtaPlatformInitiator       : HHH000490: Using JtaPlatform implementation: [org.hibernate.engine.transaction.jta.platform.internal.NoJtaPlatform]
2024-03-08 16:17:18.949  INFO 33604 --- [    Test worker] j.LocalContainerEntityManagerFactoryBean : Initialized JPA EntityManagerFactory for persistence unit 'default'
2024-03-08 16:17:19.047  WARN 33604 --- [    Test worker] JpaBaseConfiguration$JpaWebConfiguration : spring.jpa.open-in-view is enabled by default. Therefore, database queries may be performed during view rendering. Explicitly configure spring.jpa.open-in-view to disable this warning
2024-03-08 16:17:19.222  INFO 33604 --- [    Test worker] u.a.l.f.model.AccountModelAssemblerTest  : Started AccountModelAssemblerTest in 0.53 seconds (JVM running for 12.425)
]]></system-out>
  <system-err><![CDATA[]]></system-err>
</testsuite>
